2023-06-20 14:44:16,069 +0530 [main] INFO  (common_function.java:63) - Open Chromedriver
2023-06-20 14:44:19,240 +0530 [main] INFO  (common_function.java:94) - Open WebsiteHttp://www.amazon.in
2023-06-20 14:44:25,917 +0530 [main] INFO  (testbase.java:294) - Screenshot taken and added in destinationF:\SQA_demo\Nallas_demoproject\Output_Report\20062023\20062023144425.png
2023-06-20 14:44:31,446 +0530 [main] INFO  (testbase.java:294) - Screenshot taken and added in destinationF:\SQA_demo\Nallas_demoproject\Output_Report\20062023\20062023144431.png
2023-06-20 14:44:36,468 +0530 [main] INFO  (testbase.java:294) - Screenshot taken and added in destinationF:\SQA_demo\Nallas_demoproject\Output_Report\20062023\20062023144436.png
2023-06-20 14:44:36,469 +0530 [main] INFO  (common_function.java:194) - Move control to new tab
2023-06-20 14:44:36,671 +0530 [main] INFO  (testbase.java:294) - Screenshot taken and added in destinationF:\SQA_demo\Nallas_demoproject\Output_Report\20062023\20062023144436.png
2023-06-20 14:44:36,869 +0530 [main] INFO  (testbase.java:294) - Screenshot taken and added in destinationF:\SQA_demo\Nallas_demoproject\Output_Report\20062023\20062023144436.png
2023-06-20 14:44:36,870 +0530 [main] INFO  (common_function.java:215) - Verify cart countFailed
2023-06-20 14:44:37,534 +0530 [main] INFO  (common_function.java:63) - Open Chromedriver
2023-06-20 14:44:39,308 +0530 [main] INFO  (common_function.java:94) - Open WebsiteHttp://www.amazon.in
2023-06-20 14:44:45,462 +0530 [main] INFO  (testbase.java:294) - Screenshot taken and added in destinationF:\SQA_demo\Nallas_demoproject\Output_Report\20062023\20062023144445.png
2023-06-20 14:44:47,570 +0530 [main] INFO  (testbase.java:294) - Screenshot taken and added in destinationF:\SQA_demo\Nallas_demoproject\Output_Report\20062023\20062023144447.png
2023-06-20 14:44:52,640 +0530 [main] INFO  (testbase.java:294) - Screenshot taken and added in destinationF:\SQA_demo\Nallas_demoproject\Output_Report\20062023\20062023144452.png
2023-06-20 14:44:52,641 +0530 [main] INFO  (common_function.java:194) - Move control to new tab
2023-06-20 14:44:52,828 +0530 [main] INFO  (testbase.java:294) - Screenshot taken and added in destinationF:\SQA_demo\Nallas_demoproject\Output_Report\20062023\20062023144452.png
2023-06-20 14:44:53,031 +0530 [main] INFO  (testbase.java:294) - Screenshot taken and added in destinationF:\SQA_demo\Nallas_demoproject\Output_Report\20062023\20062023144453.png
2023-06-20 14:44:53,032 +0530 [main] INFO  (common_function.java:215) - Verify cart countFailed
2023-06-20 14:44:53,054 +0530 [main] DEBUG (_Log4jLoggerFactory.java:44) - Couldn't find template in cache for "Extent.ftl"("en_IN", UTF-8, parsed); will try to load it.
2023-06-20 14:44:53,056 +0530 [main] DEBUG (_Log4jLoggerFactory.java:44) - TemplateLoader.findTemplateSource("Extent_en_IN.ftl"): Not found
2023-06-20 14:44:53,058 +0530 [main] DEBUG (_Log4jLoggerFactory.java:44) - TemplateLoader.findTemplateSource("Extent_en.ftl"): Not found
2023-06-20 14:44:53,059 +0530 [main] DEBUG (_Log4jLoggerFactory.java:44) - TemplateLoader.findTemplateSource("Extent.ftl"): Found
2023-06-20 14:44:53,060 +0530 [main] DEBUG (_Log4jLoggerFactory.java:44) - Loading template for "Extent.ftl"("en_IN", UTF-8, parsed) from "jar:file:/C:/Users/Venkateshwaran/.m2/repository/com/relevantcodes/extentreports/2.41.2/extentreports-2.41.2.jar!/com/relevantcodes/extentreports/view/Extent.ftl"
2023-06-24 11:02:57,605 +0530 [main] INFO  (common_function.java:64) - Open Chromedriver
2023-06-24 11:03:01,131 +0530 [main] INFO  (common_function.java:95) - Open WebsiteHttp://www.amazon.in
2023-06-24 11:03:11,925 +0530 [main] INFO  (common_function.java:139) - click mobile category
2023-06-24 11:03:13,771 +0530 [main] INFO  (common_function.java:139) - click Accessories tab
2023-06-24 11:03:19,848 +0530 [main] INFO  (testbase.java:295) - Screenshot taken and added in destinationF:\SQA_demo\Nallas_demoproject\Output_Report\24062023\24062023110319.png
2023-06-24 11:03:19,852 +0530 [main] INFO  (common_function.java:217) - Move control to new tab
2023-06-24 11:03:20,083 +0530 [main] INFO  (common_function.java:139) - Add product to cart
2023-06-24 11:03:20,471 +0530 [main] INFO  (testbase.java:295) - Screenshot taken and added in destinationF:\SQA_demo\Nallas_demoproject\Output_Report\24062023\24062023110320.png
2023-06-24 11:03:20,472 +0530 [main] INFO  (common_function.java:164) - Verify cart countFailed
2023-06-24 11:03:21,659 +0530 [main] INFO  (common_function.java:64) - Open Chromedriver
2023-06-24 11:03:23,786 +0530 [main] INFO  (common_function.java:95) - Open WebsiteHttp://www.amazon.in
2023-06-24 11:03:30,890 +0530 [main] INFO  (common_function.java:139) - click mobile category
2023-06-24 11:03:33,219 +0530 [main] INFO  (common_function.java:139) - click Accessories tab
2023-06-24 11:03:38,024 +0530 [main] INFO  (testbase.java:295) - Screenshot taken and added in destinationF:\SQA_demo\Nallas_demoproject\Output_Report\24062023\24062023110338.png
2023-06-24 11:03:38,024 +0530 [main] INFO  (common_function.java:217) - Move control to new tab
2023-06-24 11:03:38,091 +0530 [main] INFO  (common_function.java:139) - Add product to cart
2023-06-24 11:03:38,361 +0530 [main] INFO  (testbase.java:295) - Screenshot taken and added in destinationF:\SQA_demo\Nallas_demoproject\Output_Report\24062023\24062023110338.png
2023-06-24 11:03:38,361 +0530 [main] INFO  (common_function.java:164) - Verify cart countFailed
2023-06-24 11:03:38,455 +0530 [main] DEBUG (_Log4jLoggerFactory.java:44) - Couldn't find template in cache for "Extent.ftl"("en_IN", UTF-8, parsed); will try to load it.
2023-06-24 11:03:38,457 +0530 [main] DEBUG (_Log4jLoggerFactory.java:44) - TemplateLoader.findTemplateSource("Extent_en_IN.ftl"): Not found
2023-06-24 11:03:38,459 +0530 [main] DEBUG (_Log4jLoggerFactory.java:44) - TemplateLoader.findTemplateSource("Extent_en.ftl"): Not found
2023-06-24 11:03:38,460 +0530 [main] DEBUG (_Log4jLoggerFactory.java:44) - TemplateLoader.findTemplateSource("Extent.ftl"): Found
2023-06-24 11:03:38,460 +0530 [main] DEBUG (_Log4jLoggerFactory.java:44) - Loading template for "Extent.ftl"("en_IN", UTF-8, parsed) from "jar:file:/C:/Users/Venkateshwaran/.m2/repository/com/relevantcodes/extentreports/2.41.2/extentreports-2.41.2.jar!/com/relevantcodes/extentreports/view/Extent.ftl"
2023-06-24 11:24:52,261 +0530 [main] INFO  (common_function.java:64) - Open Chromedriver
2023-06-24 11:24:54,790 +0530 [main] INFO  (common_function.java:95) - Open WebsiteHttp://www.amazon.in
2023-06-24 11:25:00,252 +0530 [main] INFO  (common_function.java:139) - click mobile category
2023-06-24 11:25:03,002 +0530 [main] INFO  (common_function.java:139) - click Accessories tab
2023-06-24 11:25:07,932 +0530 [main] INFO  (testbase.java:295) - Screenshot taken and added in destinationF:\SQA_demo\Nallas_demoproject\Output_Report\24062023\24062023112507.png
2023-06-24 11:25:07,935 +0530 [main] INFO  (common_function.java:217) - Move control to new tab
2023-06-24 11:25:08,004 +0530 [main] INFO  (common_function.java:139) - Add product to cart
2023-06-24 11:25:08,272 +0530 [main] INFO  (testbase.java:295) - Screenshot taken and added in destinationF:\SQA_demo\Nallas_demoproject\Output_Report\24062023\24062023112508.png
2023-06-24 11:25:08,273 +0530 [main] INFO  (common_function.java:164) - Verify cart countFailed
2023-06-24 11:25:09,581 +0530 [main] INFO  (common_function.java:64) - Open Chromedriver
2023-06-24 11:25:14,969 +0530 [main] INFO  (common_function.java:95) - Open WebsiteHttp://www.amazon.in
2023-06-24 11:25:20,486 +0530 [main] INFO  (common_function.java:139) - click mobile category
2023-06-24 11:25:22,990 +0530 [main] INFO  (common_function.java:139) - click Accessories tab
2023-06-24 11:25:28,532 +0530 [main] INFO  (testbase.java:295) - Screenshot taken and added in destinationF:\SQA_demo\Nallas_demoproject\Output_Report\24062023\24062023112528.png
2023-06-24 11:25:28,532 +0530 [main] INFO  (common_function.java:217) - Move control to new tab
2023-06-24 11:25:28,610 +0530 [main] INFO  (common_function.java:139) - Add product to cart
2023-06-24 11:25:28,933 +0530 [main] INFO  (testbase.java:295) - Screenshot taken and added in destinationF:\SQA_demo\Nallas_demoproject\Output_Report\24062023\24062023112528.png
2023-06-24 11:25:28,934 +0530 [main] INFO  (common_function.java:164) - Verify cart countFailed
2023-06-24 11:25:28,995 +0530 [main] DEBUG (_Log4jLoggerFactory.java:44) - Couldn't find template in cache for "Extent.ftl"("en_IN", UTF-8, parsed); will try to load it.
2023-06-24 11:25:28,998 +0530 [main] DEBUG (_Log4jLoggerFactory.java:44) - TemplateLoader.findTemplateSource("Extent_en_IN.ftl"): Not found
2023-06-24 11:25:29,005 +0530 [main] DEBUG (_Log4jLoggerFactory.java:44) - TemplateLoader.findTemplateSource("Extent_en.ftl"): Not found
2023-06-24 11:25:29,007 +0530 [main] DEBUG (_Log4jLoggerFactory.java:44) - TemplateLoader.findTemplateSource("Extent.ftl"): Found
2023-06-24 11:25:29,009 +0530 [main] DEBUG (_Log4jLoggerFactory.java:44) - Loading template for "Extent.ftl"("en_IN", UTF-8, parsed) from "jar:file:/C:/Users/Venkateshwaran/.m2/repository/com/relevantcodes/extentreports/2.41.2/extentreports-2.41.2.jar!/com/relevantcodes/extentreports/view/Extent.ftl"
2023-06-24 11:26:41,045 +0530 [main] INFO  (common_function.java:64) - Open Chromedriver
2023-06-24 11:26:43,183 +0530 [main] INFO  (common_function.java:95) - Open WebsiteHttp://www.amazon.in
2023-06-24 11:26:48,452 +0530 [main] INFO  (common_function.java:139) - click mobile category
2023-06-24 11:26:50,442 +0530 [main] INFO  (common_function.java:139) - click Accessories tab
2023-06-24 11:26:54,926 +0530 [main] INFO  (testbase.java:295) - Screenshot taken and added in destinationF:\SQA_demo\Nallas_demoproject\Output_Report\24062023\24062023112654.png
2023-06-24 11:26:54,929 +0530 [main] INFO  (common_function.java:217) - Move control to new tab
2023-06-24 11:26:54,994 +0530 [main] INFO  (common_function.java:139) - Add product to cart
2023-06-24 11:26:55,244 +0530 [main] INFO  (testbase.java:295) - Screenshot taken and added in destinationF:\SQA_demo\Nallas_demoproject\Output_Report\24062023\24062023112655.png
2023-06-24 11:26:55,245 +0530 [main] INFO  (common_function.java:164) - Verify cart countFailed
2023-06-24 11:26:56,619 +0530 [main] INFO  (common_function.java:64) - Open Chromedriver
2023-06-24 11:27:00,330 +0530 [main] INFO  (common_function.java:95) - Open WebsiteHttp://www.amazon.in
2023-06-24 11:27:05,984 +0530 [main] INFO  (common_function.java:139) - click mobile category
2023-06-24 11:27:11,423 +0530 [main] INFO  (common_function.java:139) - click Accessories tab
2023-06-24 11:27:16,541 +0530 [main] INFO  (testbase.java:295) - Screenshot taken and added in destinationF:\SQA_demo\Nallas_demoproject\Output_Report\24062023\24062023112716.png
2023-06-24 11:27:16,542 +0530 [main] INFO  (common_function.java:217) - Move control to new tab
2023-06-24 11:27:16,693 +0530 [main] INFO  (common_function.java:139) - Add product to cart
2023-06-24 11:27:17,034 +0530 [main] INFO  (testbase.java:295) - Screenshot taken and added in destinationF:\SQA_demo\Nallas_demoproject\Output_Report\24062023\24062023112717.png
2023-06-24 11:27:17,035 +0530 [main] INFO  (common_function.java:164) - Verify cart countFailed
2023-06-24 11:27:17,087 +0530 [main] DEBUG (_Log4jLoggerFactory.java:44) - Couldn't find template in cache for "Extent.ftl"("en_IN", UTF-8, parsed); will try to load it.
2023-06-24 11:27:17,092 +0530 [main] DEBUG (_Log4jLoggerFactory.java:44) - TemplateLoader.findTemplateSource("Extent_en_IN.ftl"): Not found
2023-06-24 11:27:17,100 +0530 [main] DEBUG (_Log4jLoggerFactory.java:44) - TemplateLoader.findTemplateSource("Extent_en.ftl"): Not found
2023-06-24 11:27:17,102 +0530 [main] DEBUG (_Log4jLoggerFactory.java:44) - TemplateLoader.findTemplateSource("Extent.ftl"): Found
2023-06-24 11:27:17,103 +0530 [main] DEBUG (_Log4jLoggerFactory.java:44) - Loading template for "Extent.ftl"("en_IN", UTF-8, parsed) from "jar:file:/C:/Users/Venkateshwaran/.m2/repository/com/relevantcodes/extentreports/2.41.2/extentreports-2.41.2.jar!/com/relevantcodes/extentreports/view/Extent.ftl"
2023-06-24 11:39:09,165 +0530 [main] INFO  (common_function.java:64) - Open Chromedriver
2023-06-24 11:39:11,866 +0530 [main] INFO  (common_function.java:95) - Open WebsiteHttp://www.amazon.in
2023-06-24 11:39:17,126 +0530 [main] INFO  (common_function.java:139) - click mobile category
2023-06-24 11:39:20,651 +0530 [main] INFO  (common_function.java:139) - click Accessories tab
2023-06-24 11:39:25,428 +0530 [main] INFO  (testbase.java:295) - Screenshot taken and added in destinationF:\SQA_demo\Nallas_demoproject\Output_Report\24062023\24062023113925.png
2023-06-24 11:39:25,431 +0530 [main] INFO  (common_function.java:217) - Move control to new tab
2023-06-24 11:39:25,510 +0530 [main] INFO  (common_function.java:139) - Add product to cart
2023-06-24 11:39:25,818 +0530 [main] INFO  (testbase.java:295) - Screenshot taken and added in destinationF:\SQA_demo\Nallas_demoproject\Output_Report\24062023\24062023113925.png
2023-06-24 11:39:25,819 +0530 [main] INFO  (common_function.java:164) - Verify cart countFailed
2023-06-24 11:39:27,297 +0530 [main] INFO  (common_function.java:64) - Open Chromedriver
2023-06-24 11:39:30,816 +0530 [main] INFO  (common_function.java:95) - Open WebsiteHttp://www.amazon.in
2023-06-24 11:39:35,892 +0530 [main] INFO  (common_function.java:139) - click mobile category
2023-06-24 11:39:38,193 +0530 [main] INFO  (common_function.java:139) - click Accessories tab
2023-06-24 11:39:38,891 +0530 [main] INFO  (testbase.java:295) - Screenshot taken and added in destinationF:\SQA_demo\Nallas_demoproject\Output_Report\24062023\24062023113938.png
2023-06-24 11:39:38,891 +0530 [main] INFO  (common_function.java:144) - org.openqa.selenium.NoSuchElementException: no such element: Unable to locate element: {"method":"xpath","selector":"//span[contains(text(),'Add to Cart')][@id='submit.add-to-cart-announce']"}
  (Session info: chrome=114.0.5735.134)
For documentation on this error, please visit: https://www.seleniumhq.org/exceptions/no_such_element.html
Build info: version: '3.141.59', revision: 'e82be7d358', time: '2018-11-14T08:17:03'
System info: host: 'DESKTOP-FG7QG1S', ip: '192.168.101.3', os.name: 'Windows 10', os.arch: 'amd64', os.version: '10.0', java.version: '17.0.4.1'
Driver info: org.openqa.selenium.chrome.ChromeDriver
Capabilities {acceptInsecureCerts: false, browserName: chrome, browserVersion: 114.0.5735.134, chrome: {chromedriverVersion: 113.0.5672.63 (0e1a4471d5ae..., userDataDir: C:\Users\VENKAT~1\AppData\L...}, goog:chromeOptions: {debuggerAddress: localhost:62687}, javascriptEnabled: true, networkConnectionEnabled: false, pageLoadStrategy: normal, platform: WINDOWS, platformName: WINDOWS, proxy: Proxy(), setWindowRect: true, strictFileInteractability: false, timeouts: {implicit: 0, pageLoad: 300000, script: 30000}, unhandledPromptBehavior: dismiss and notify, webauthn:extension:credBlob: true, webauthn:extension:largeBlob: true, webauthn:extension:minPinLength: true, webauthn:extension:prf: true, webauthn:virtualAuthenticators: true}
Session ID: 06576567768f97182084c64325c25f33
*** Element info: {Using=xpath, value=//span[contains(text(),'Add to Cart')][@id='submit.add-to-cart-announce']}
2023-06-24 11:39:39,316 +0530 [main] INFO  (testbase.java:295) - Screenshot taken and added in destinationF:\SQA_demo\Nallas_demoproject\Output_Report\24062023\24062023113939.png
2023-06-24 11:39:39,320 +0530 [main] INFO  (common_function.java:164) - Verify cart countFailed
2023-06-24 11:39:39,416 +0530 [main] DEBUG (_Log4jLoggerFactory.java:44) - Couldn't find template in cache for "Extent.ftl"("en_IN", UTF-8, parsed); will try to load it.
2023-06-24 11:39:39,419 +0530 [main] DEBUG (_Log4jLoggerFactory.java:44) - TemplateLoader.findTemplateSource("Extent_en_IN.ftl"): Not found
2023-06-24 11:39:39,423 +0530 [main] DEBUG (_Log4jLoggerFactory.java:44) - TemplateLoader.findTemplateSource("Extent_en.ftl"): Not found
2023-06-24 11:39:39,425 +0530 [main] DEBUG (_Log4jLoggerFactory.java:44) - TemplateLoader.findTemplateSource("Extent.ftl"): Found
2023-06-24 11:39:39,426 +0530 [main] DEBUG (_Log4jLoggerFactory.java:44) - Loading template for "Extent.ftl"("en_IN", UTF-8, parsed) from "jar:file:/C:/Users/Venkateshwaran/.m2/repository/com/relevantcodes/extentreports/2.41.2/extentreports-2.41.2.jar!/com/relevantcodes/extentreports/view/Extent.ftl"
2023-06-24 11:54:46,656 +0530 [main] INFO  (common_function.java:64) - Open Chromedriver
2023-06-24 11:54:53,212 +0530 [main] INFO  (common_function.java:95) - Open WebsiteHttp://www.amazon.in
2023-06-24 11:55:00,423 +0530 [main] INFO  (common_function.java:139) - click mobile category
2023-06-24 11:55:02,790 +0530 [main] INFO  (common_function.java:139) - click Accessories tab
2023-06-24 11:55:03,382 +0530 [main] INFO  (testbase.java:295) - Screenshot taken and added in destinationF:\SQA_demo\Nallas_demoproject\Output_Report\24062023\24062023115503.png
2023-06-24 11:55:03,384 +0530 [main] INFO  (common_function.java:144) - org.openqa.selenium.NoSuchElementException: no such element: Unable to locate element: {"method":"xpath","selector":"//span[contains(text(),'Add to Cart')][@id='submit.add-to-cart-announce']"}
  (Session info: chrome=114.0.5735.134)
For documentation on this error, please visit: https://www.seleniumhq.org/exceptions/no_such_element.html
Build info: version: '3.141.59', revision: 'e82be7d358', time: '2018-11-14T08:17:03'
System info: host: 'DESKTOP-FG7QG1S', ip: '192.168.101.3', os.name: 'Windows 10', os.arch: 'amd64', os.version: '10.0', java.version: '17.0.4.1'
Driver info: org.openqa.selenium.chrome.ChromeDriver
Capabilities {acceptInsecureCerts: false, browserName: chrome, browserVersion: 114.0.5735.134, chrome: {chromedriverVersion: 113.0.5672.63 (0e1a4471d5ae..., userDataDir: C:\Users\VENKAT~1\AppData\L...}, goog:chromeOptions: {debuggerAddress: localhost:63097}, javascriptEnabled: true, networkConnectionEnabled: false, pageLoadStrategy: normal, platform: WINDOWS, platformName: WINDOWS, proxy: Proxy(), setWindowRect: true, strictFileInteractability: false, timeouts: {implicit: 0, pageLoad: 300000, script: 30000}, unhandledPromptBehavior: dismiss and notify, webauthn:extension:credBlob: true, webauthn:extension:largeBlob: true, webauthn:extension:minPinLength: true, webauthn:extension:prf: true, webauthn:virtualAuthenticators: true}
Session ID: ac7456fb25b1d9754d0b433a7fbf1e33
*** Element info: {Using=xpath, value=//span[contains(text(),'Add to Cart')][@id='submit.add-to-cart-announce']}
2023-06-24 11:55:03,718 +0530 [main] INFO  (testbase.java:295) - Screenshot taken and added in destinationF:\SQA_demo\Nallas_demoproject\Output_Report\24062023\24062023115503.png
2023-06-24 11:55:03,719 +0530 [main] INFO  (common_function.java:164) - Verify cart countFailed
2023-06-24 11:55:04,948 +0530 [main] INFO  (common_function.java:64) - Open Chromedriver
2023-06-24 11:55:08,043 +0530 [main] INFO  (common_function.java:95) - Open WebsiteHttp://www.amazon.in
2023-06-24 11:55:13,604 +0530 [main] INFO  (common_function.java:139) - click mobile category
2023-06-24 11:55:15,570 +0530 [main] INFO  (common_function.java:139) - click Accessories tab
2023-06-24 11:55:24,306 +0530 [main] INFO  (testbase.java:295) - Screenshot taken and added in destinationF:\SQA_demo\Nallas_demoproject\Output_Report\24062023\24062023115524.png
2023-06-24 11:55:24,307 +0530 [main] INFO  (common_function.java:217) - Move control to new tab
2023-06-24 11:55:24,379 +0530 [main] INFO  (common_function.java:139) - Add product to cart
2023-06-24 11:55:24,695 +0530 [main] INFO  (testbase.java:295) - Screenshot taken and added in destinationF:\SQA_demo\Nallas_demoproject\Output_Report\24062023\24062023115524.png
2023-06-24 11:55:24,698 +0530 [main] INFO  (common_function.java:164) - Verify cart countFailed
2023-06-24 11:55:24,744 +0530 [main] DEBUG (_Log4jLoggerFactory.java:44) - Couldn't find template in cache for "Extent.ftl"("en_IN", UTF-8, parsed); will try to load it.
2023-06-24 11:55:24,745 +0530 [main] DEBUG (_Log4jLoggerFactory.java:44) - TemplateLoader.findTemplateSource("Extent_en_IN.ftl"): Not found
2023-06-24 11:55:24,746 +0530 [main] DEBUG (_Log4jLoggerFactory.java:44) - TemplateLoader.findTemplateSource("Extent_en.ftl"): Not found
2023-06-24 11:55:24,747 +0530 [main] DEBUG (_Log4jLoggerFactory.java:44) - TemplateLoader.findTemplateSource("Extent.ftl"): Found
2023-06-24 11:55:24,747 +0530 [main] DEBUG (_Log4jLoggerFactory.java:44) - Loading template for "Extent.ftl"("en_IN", UTF-8, parsed) from "jar:file:/C:/Users/Venkateshwaran/.m2/repository/com/relevantcodes/extentreports/2.41.2/extentreports-2.41.2.jar!/com/relevantcodes/extentreports/view/Extent.ftl"
2023-06-24 11:57:14,145 +0530 [main] INFO  (common_function.java:64) - Open Chromedriver
2023-06-24 11:57:16,183 +0530 [main] INFO  (common_function.java:95) - Open WebsiteHttp://www.amazon.in
2023-06-24 11:57:21,611 +0530 [main] INFO  (common_function.java:139) - click mobile category
2023-06-24 11:57:23,536 +0530 [main] INFO  (common_function.java:139) - click Accessories tab
2023-06-24 11:57:28,462 +0530 [main] INFO  (testbase.java:295) - Screenshot taken and added in destinationF:\SQA_demo\Nallas_demoproject\Output_Report\24062023\24062023115728.png
2023-06-24 11:57:28,466 +0530 [main] INFO  (common_function.java:217) - Move control to new tab
2023-06-24 11:57:28,523 +0530 [main] INFO  (common_function.java:139) - Add product to cart
2023-06-24 11:57:28,780 +0530 [main] INFO  (testbase.java:295) - Screenshot taken and added in destinationF:\SQA_demo\Nallas_demoproject\Output_Report\24062023\24062023115728.png
2023-06-24 11:57:28,780 +0530 [main] INFO  (common_function.java:164) - Verify cart countFailed
2023-06-24 11:57:29,972 +0530 [main] INFO  (common_function.java:64) - Open Chromedriver
2023-06-24 11:57:33,429 +0530 [main] INFO  (common_function.java:95) - Open WebsiteHttp://www.amazon.in
2023-06-24 11:57:38,729 +0530 [main] INFO  (common_function.java:139) - click mobile category
2023-06-24 11:57:40,746 +0530 [main] INFO  (common_function.java:139) - click Accessories tab
2023-06-24 11:57:41,896 +0530 [main] INFO  (testbase.java:295) - Screenshot taken and added in destinationF:\SQA_demo\Nallas_demoproject\Output_Report\24062023\24062023115741.png
2023-06-24 11:57:41,897 +0530 [main] INFO  (common_function.java:144) - org.openqa.selenium.NoSuchElementException: no such element: Unable to locate element: {"method":"xpath","selector":"//span[contains(text(),'Add to Cart')][@id='submit.add-to-cart-announce']"}
  (Session info: chrome=114.0.5735.134)
For documentation on this error, please visit: https://www.seleniumhq.org/exceptions/no_such_element.html
Build info: version: '3.141.59', revision: 'e82be7d358', time: '2018-11-14T08:17:03'
System info: host: 'DESKTOP-FG7QG1S', ip: '192.168.101.3', os.name: 'Windows 10', os.arch: 'amd64', os.version: '10.0', java.version: '17.0.4.1'
Driver info: org.openqa.selenium.chrome.ChromeDriver
Capabilities {acceptInsecureCerts: false, browserName: chrome, browserVersion: 114.0.5735.134, chrome: {chromedriverVersion: 113.0.5672.63 (0e1a4471d5ae..., userDataDir: C:\Users\VENKAT~1\AppData\L...}, goog:chromeOptions: {debuggerAddress: localhost:63619}, javascriptEnabled: true, networkConnectionEnabled: false, pageLoadStrategy: normal, platform: WINDOWS, platformName: WINDOWS, proxy: Proxy(), setWindowRect: true, strictFileInteractability: false, timeouts: {implicit: 0, pageLoad: 300000, script: 30000}, unhandledPromptBehavior: dismiss and notify, webauthn:extension:credBlob: true, webauthn:extension:largeBlob: true, webauthn:extension:minPinLength: true, webauthn:extension:prf: true, webauthn:virtualAuthenticators: true}
Session ID: 709cfb66c182d124ddb13b2abf06733d
*** Element info: {Using=xpath, value=//span[contains(text(),'Add to Cart')][@id='submit.add-to-cart-announce']}
2023-06-24 11:57:42,284 +0530 [main] INFO  (testbase.java:295) - Screenshot taken and added in destinationF:\SQA_demo\Nallas_demoproject\Output_Report\24062023\24062023115742.png
2023-06-24 11:57:42,287 +0530 [main] INFO  (common_function.java:164) - Verify cart countFailed
2023-06-24 11:57:42,331 +0530 [main] DEBUG (_Log4jLoggerFactory.java:44) - Couldn't find template in cache for "Extent.ftl"("en_IN", UTF-8, parsed); will try to load it.
2023-06-24 11:57:42,335 +0530 [main] DEBUG (_Log4jLoggerFactory.java:44) - TemplateLoader.findTemplateSource("Extent_en_IN.ftl"): Not found
2023-06-24 11:57:42,340 +0530 [main] DEBUG (_Log4jLoggerFactory.java:44) - TemplateLoader.findTemplateSource("Extent_en.ftl"): Not found
2023-06-24 11:57:42,342 +0530 [main] DEBUG (_Log4jLoggerFactory.java:44) - TemplateLoader.findTemplateSource("Extent.ftl"): Found
2023-06-24 11:57:42,343 +0530 [main] DEBUG (_Log4jLoggerFactory.java:44) - Loading template for "Extent.ftl"("en_IN", UTF-8, parsed) from "jar:file:/C:/Users/Venkateshwaran/.m2/repository/com/relevantcodes/extentreports/2.41.2/extentreports-2.41.2.jar!/com/relevantcodes/extentreports/view/Extent.ftl"
2023-06-24 12:01:15,309 +0530 [main] INFO  (common_function.java:64) - Open Chromedriver
2023-06-24 12:01:22,678 +0530 [main] INFO  (common_function.java:95) - Open WebsiteHttp://www.amazon.in
2023-06-24 12:01:31,983 +0530 [main] INFO  (common_function.java:139) - click mobile category
2023-06-24 12:01:34,457 +0530 [main] INFO  (common_function.java:139) - click Accessories tab
2023-06-24 12:01:38,719 +0530 [main] INFO  (testbase.java:295) - Screenshot taken and added in destinationF:\SQA_demo\Nallas_demoproject\Output_Report\24062023\24062023120138.png
2023-06-24 12:01:38,721 +0530 [main] INFO  (common_function.java:217) - Move control to new tab
2023-06-24 12:01:38,772 +0530 [main] INFO  (common_function.java:139) - Add product to cart
2023-06-24 12:01:39,024 +0530 [main] INFO  (testbase.java:295) - Screenshot taken and added in destinationF:\SQA_demo\Nallas_demoproject\Output_Report\24062023\24062023120139.png
2023-06-24 12:01:39,024 +0530 [main] INFO  (common_function.java:164) - Verify cart countFailed
2023-06-24 12:01:40,051 +0530 [main] INFO  (common_function.java:64) - Open Chromedriver
2023-06-24 12:01:41,819 +0530 [main] INFO  (common_function.java:95) - Open WebsiteHttp://www.amazon.in
2023-06-24 12:01:46,828 +0530 [main] INFO  (common_function.java:139) - click mobile category
2023-06-24 12:01:48,563 +0530 [main] INFO  (common_function.java:139) - click Accessories tab
2023-06-24 12:01:49,045 +0530 [main] INFO  (testbase.java:295) - Screenshot taken and added in destinationF:\SQA_demo\Nallas_demoproject\Output_Report\24062023\24062023120149.png
2023-06-24 12:01:49,045 +0530 [main] INFO  (common_function.java:144) - org.openqa.selenium.NoSuchElementException: no such element: Unable to locate element: {"method":"xpath","selector":"//span[contains(text(),'Add to Cart')][@id='submit.add-to-cart-announce']"}
  (Session info: chrome=114.0.5735.134)
For documentation on this error, please visit: https://www.seleniumhq.org/exceptions/no_such_element.html
Build info: version: '3.141.59', revision: 'e82be7d358', time: '2018-11-14T08:17:03'
System info: host: 'DESKTOP-FG7QG1S', ip: '192.168.101.3', os.name: 'Windows 10', os.arch: 'amd64', os.version: '10.0', java.version: '17.0.4.1'
Driver info: org.openqa.selenium.chrome.ChromeDriver
Capabilities {acceptInsecureCerts: false, browserName: chrome, browserVersion: 114.0.5735.134, chrome: {chromedriverVersion: 113.0.5672.63 (0e1a4471d5ae..., userDataDir: C:\Users\VENKAT~1\AppData\L...}, goog:chromeOptions: {debuggerAddress: localhost:63909}, javascriptEnabled: true, networkConnectionEnabled: false, pageLoadStrategy: normal, platform: WINDOWS, platformName: WINDOWS, proxy: Proxy(), setWindowRect: true, strictFileInteractability: false, timeouts: {implicit: 0, pageLoad: 300000, script: 30000}, unhandledPromptBehavior: dismiss and notify, webauthn:extension:credBlob: true, webauthn:extension:largeBlob: true, webauthn:extension:minPinLength: true, webauthn:extension:prf: true, webauthn:virtualAuthenticators: true}
Session ID: 8e9cd797b5584fd0fa13b07c76f96785
*** Element info: {Using=xpath, value=//span[contains(text(),'Add to Cart')][@id='submit.add-to-cart-announce']}
2023-06-24 12:01:49,365 +0530 [main] INFO  (testbase.java:295) - Screenshot taken and added in destinationF:\SQA_demo\Nallas_demoproject\Output_Report\24062023\24062023120149.png
2023-06-24 12:01:49,366 +0530 [main] INFO  (common_function.java:164) - Verify cart countFailed
2023-06-24 12:01:49,392 +0530 [main] DEBUG (_Log4jLoggerFactory.java:44) - Couldn't find template in cache for "Extent.ftl"("en_IN", UTF-8, parsed); will try to load it.
2023-06-24 12:01:49,394 +0530 [main] DEBUG (_Log4jLoggerFactory.java:44) - TemplateLoader.findTemplateSource("Extent_en_IN.ftl"): Not found
2023-06-24 12:01:49,395 +0530 [main] DEBUG (_Log4jLoggerFactory.java:44) - TemplateLoader.findTemplateSource("Extent_en.ftl"): Not found
2023-06-24 12:01:49,396 +0530 [main] DEBUG (_Log4jLoggerFactory.java:44) - TemplateLoader.findTemplateSource("Extent.ftl"): Found
2023-06-24 12:01:49,397 +0530 [main] DEBUG (_Log4jLoggerFactory.java:44) - Loading template for "Extent.ftl"("en_IN", UTF-8, parsed) from "jar:file:/C:/Users/Venkateshwaran/.m2/repository/com/relevantcodes/extentreports/2.41.2/extentreports-2.41.2.jar!/com/relevantcodes/extentreports/view/Extent.ftl"
2023-06-24 12:03:10,238 +0530 [main] INFO  (common_function.java:64) - Open Chromedriver
2023-06-24 12:03:12,411 +0530 [main] INFO  (common_function.java:95) - Open WebsiteHttp://www.amazon.in
2023-06-24 12:03:17,867 +0530 [main] INFO  (common_function.java:139) - click mobile category
2023-06-24 12:03:19,989 +0530 [main] INFO  (common_function.java:139) - click Accessories tab
2023-06-24 12:03:20,712 +0530 [main] INFO  (testbase.java:295) - Screenshot taken and added in destinationF:\SQA_demo\Nallas_demoproject\Output_Report\24062023\24062023120320.png
2023-06-24 12:03:20,716 +0530 [main] INFO  (common_function.java:144) - org.openqa.selenium.NoSuchElementException: no such element: Unable to locate element: {"method":"xpath","selector":"//span[contains(text(),'Add to Cart')][@id='submit.add-to-cart-announce']"}
  (Session info: chrome=114.0.5735.134)
For documentation on this error, please visit: https://www.seleniumhq.org/exceptions/no_such_element.html
Build info: version: '3.141.59', revision: 'e82be7d358', time: '2018-11-14T08:17:03'
System info: host: 'DESKTOP-FG7QG1S', ip: '192.168.101.3', os.name: 'Windows 10', os.arch: 'amd64', os.version: '10.0', java.version: '17.0.4.1'
Driver info: org.openqa.selenium.chrome.ChromeDriver
Capabilities {acceptInsecureCerts: false, browserName: chrome, browserVersion: 114.0.5735.134, chrome: {chromedriverVersion: 113.0.5672.63 (0e1a4471d5ae..., userDataDir: C:\Users\VENKAT~1\AppData\L...}, goog:chromeOptions: {debuggerAddress: localhost:64092}, javascriptEnabled: true, networkConnectionEnabled: false, pageLoadStrategy: normal, platform: WINDOWS, platformName: WINDOWS, proxy: Proxy(), setWindowRect: true, strictFileInteractability: false, timeouts: {implicit: 0, pageLoad: 300000, script: 30000}, unhandledPromptBehavior: dismiss and notify, webauthn:extension:credBlob: true, webauthn:extension:largeBlob: true, webauthn:extension:minPinLength: true, webauthn:extension:prf: true, webauthn:virtualAuthenticators: true}
Session ID: 15a1ec75d3b38c77b40831bde156d25d
*** Element info: {Using=xpath, value=//span[contains(text(),'Add to Cart')][@id='submit.add-to-cart-announce']}
2023-06-24 12:03:21,046 +0530 [main] INFO  (testbase.java:295) - Screenshot taken and added in destinationF:\SQA_demo\Nallas_demoproject\Output_Report\24062023\24062023120321.png
2023-06-24 12:03:21,047 +0530 [main] INFO  (common_function.java:164) - Verify cart countFailed
2023-06-24 12:03:22,139 +0530 [main] INFO  (common_function.java:64) - Open Chromedriver
2023-06-24 12:03:24,875 +0530 [main] INFO  (common_function.java:95) - Open WebsiteHttp://www.amazon.in
2023-06-24 12:03:31,262 +0530 [main] INFO  (common_function.java:139) - click mobile category
2023-06-24 12:03:35,670 +0530 [main] INFO  (common_function.java:139) - click Accessories tab
2023-06-24 12:03:36,200 +0530 [main] INFO  (testbase.java:295) - Screenshot taken and added in destinationF:\SQA_demo\Nallas_demoproject\Output_Report\24062023\24062023120336.png
2023-06-24 12:03:36,201 +0530 [main] INFO  (common_function.java:144) - org.openqa.selenium.NoSuchElementException: no such element: Unable to locate element: {"method":"xpath","selector":"//span[contains(text(),'Add to Cart')][@id='submit.add-to-cart-announce']"}
  (Session info: chrome=114.0.5735.134)
For documentation on this error, please visit: https://www.seleniumhq.org/exceptions/no_such_element.html
Build info: version: '3.141.59', revision: 'e82be7d358', time: '2018-11-14T08:17:03'
System info: host: 'DESKTOP-FG7QG1S', ip: '192.168.101.3', os.name: 'Windows 10', os.arch: 'amd64', os.version: '10.0', java.version: '17.0.4.1'
Driver info: org.openqa.selenium.chrome.ChromeDriver
Capabilities {acceptInsecureCerts: false, browserName: chrome, browserVersion: 114.0.5735.134, chrome: {chromedriverVersion: 113.0.5672.63 (0e1a4471d5ae..., userDataDir: C:\Users\VENKAT~1\AppData\L...}, goog:chromeOptions: {debuggerAddress: localhost:64219}, javascriptEnabled: true, networkConnectionEnabled: false, pageLoadStrategy: normal, platform: WINDOWS, platformName: WINDOWS, proxy: Proxy(), setWindowRect: true, strictFileInteractability: false, timeouts: {implicit: 0, pageLoad: 300000, script: 30000}, unhandledPromptBehavior: dismiss and notify, webauthn:extension:credBlob: true, webauthn:extension:largeBlob: true, webauthn:extension:minPinLength: true, webauthn:extension:prf: true, webauthn:virtualAuthenticators: true}
Session ID: 0a0622b540d8c61b1e3c7d6047d4f514
*** Element info: {Using=xpath, value=//span[contains(text(),'Add to Cart')][@id='submit.add-to-cart-announce']}
2023-06-24 12:03:36,525 +0530 [main] INFO  (testbase.java:295) - Screenshot taken and added in destinationF:\SQA_demo\Nallas_demoproject\Output_Report\24062023\24062023120336.png
2023-06-24 12:03:36,526 +0530 [main] INFO  (common_function.java:164) - Verify cart countFailed
2023-06-24 12:03:36,620 +0530 [main] DEBUG (_Log4jLoggerFactory.java:44) - Couldn't find template in cache for "Extent.ftl"("en_IN", UTF-8, parsed); will try to load it.
2023-06-24 12:03:36,621 +0530 [main] DEBUG (_Log4jLoggerFactory.java:44) - TemplateLoader.findTemplateSource("Extent_en_IN.ftl"): Not found
2023-06-24 12:03:36,623 +0530 [main] DEBUG (_Log4jLoggerFactory.java:44) - TemplateLoader.findTemplateSource("Extent_en.ftl"): Not found
2023-06-24 12:03:36,623 +0530 [main] DEBUG (_Log4jLoggerFactory.java:44) - TemplateLoader.findTemplateSource("Extent.ftl"): Found
2023-06-24 12:03:36,624 +0530 [main] DEBUG (_Log4jLoggerFactory.java:44) - Loading template for "Extent.ftl"("en_IN", UTF-8, parsed) from "jar:file:/C:/Users/Venkateshwaran/.m2/repository/com/relevantcodes/extentreports/2.41.2/extentreports-2.41.2.jar!/com/relevantcodes/extentreports/view/Extent.ftl"
2023-06-24 12:06:52,167 +0530 [main] INFO  (common_function.java:64) - Open Chromedriver
2023-06-24 12:06:54,852 +0530 [main] INFO  (common_function.java:95) - Open WebsiteHttp://www.amazon.in
2023-06-24 12:07:01,526 +0530 [main] INFO  (common_function.java:139) - click mobile category
2023-06-24 12:07:07,026 +0530 [main] INFO  (common_function.java:139) - click Accessories tab
2023-06-24 12:07:11,402 +0530 [main] INFO  (testbase.java:295) - Screenshot taken and added in destinationF:\SQA_demo\Nallas_demoproject\Output_Report\24062023\24062023120711.png
2023-06-24 12:07:11,405 +0530 [main] INFO  (common_function.java:217) - Move control to new tab
2023-06-24 12:07:11,476 +0530 [main] INFO  (common_function.java:139) - Add product to cart
2023-06-24 12:07:11,765 +0530 [main] INFO  (testbase.java:295) - Screenshot taken and added in destinationF:\SQA_demo\Nallas_demoproject\Output_Report\24062023\24062023120711.png
2023-06-24 12:07:11,766 +0530 [main] INFO  (common_function.java:164) - Verify cart countFailed
2023-06-24 12:07:13,131 +0530 [main] INFO  (common_function.java:64) - Open Chromedriver
2023-06-24 12:07:17,035 +0530 [main] INFO  (common_function.java:95) - Open WebsiteHttp://www.amazon.in
2023-06-24 12:07:23,997 +0530 [main] INFO  (common_function.java:139) - click mobile category
2023-06-24 12:07:30,273 +0530 [main] INFO  (common_function.java:139) - click Accessories tab
2023-06-24 12:07:31,000 +0530 [main] INFO  (testbase.java:295) - Screenshot taken and added in destinationF:\SQA_demo\Nallas_demoproject\Output_Report\24062023\24062023120730.png
2023-06-24 12:07:31,001 +0530 [main] INFO  (common_function.java:144) - org.openqa.selenium.NoSuchElementException: no such element: Unable to locate element: {"method":"xpath","selector":"//span[contains(text(),'Add to Cart')][@id='submit.add-to-cart-announce']"}
  (Session info: chrome=114.0.5735.134)
For documentation on this error, please visit: https://www.seleniumhq.org/exceptions/no_such_element.html
Build info: version: '3.141.59', revision: 'e82be7d358', time: '2018-11-14T08:17:03'
System info: host: 'DESKTOP-FG7QG1S', ip: '192.168.101.3', os.name: 'Windows 10', os.arch: 'amd64', os.version: '10.0', java.version: '17.0.4.1'
Driver info: org.openqa.selenium.chrome.ChromeDriver
Capabilities {acceptInsecureCerts: false, browserName: chrome, browserVersion: 114.0.5735.134, chrome: {chromedriverVersion: 113.0.5672.63 (0e1a4471d5ae..., userDataDir: C:\Users\VENKAT~1\AppData\L...}, goog:chromeOptions: {debuggerAddress: localhost:64683}, javascriptEnabled: true, networkConnectionEnabled: false, pageLoadStrategy: normal, platform: WINDOWS, platformName: WINDOWS, proxy: Proxy(), setWindowRect: true, strictFileInteractability: false, timeouts: {implicit: 0, pageLoad: 300000, script: 30000}, unhandledPromptBehavior: dismiss and notify, webauthn:extension:credBlob: true, webauthn:extension:largeBlob: true, webauthn:extension:minPinLength: true, webauthn:extension:prf: true, webauthn:virtualAuthenticators: true}
Session ID: 3cd4c08d8ed28dc839934008afa00c00
*** Element info: {Using=xpath, value=//span[contains(text(),'Add to Cart')][@id='submit.add-to-cart-announce']}
2023-06-24 12:07:31,418 +0530 [main] INFO  (testbase.java:295) - Screenshot taken and added in destinationF:\SQA_demo\Nallas_demoproject\Output_Report\24062023\24062023120731.png
2023-06-24 12:07:31,424 +0530 [main] INFO  (common_function.java:164) - Verify cart countFailed
2023-06-24 12:07:31,482 +0530 [main] DEBUG (_Log4jLoggerFactory.java:44) - Couldn't find template in cache for "Extent.ftl"("en_IN", UTF-8, parsed); will try to load it.
2023-06-24 12:07:31,484 +0530 [main] DEBUG (_Log4jLoggerFactory.java:44) - TemplateLoader.findTemplateSource("Extent_en_IN.ftl"): Not found
2023-06-24 12:07:31,488 +0530 [main] DEBUG (_Log4jLoggerFactory.java:44) - TemplateLoader.findTemplateSource("Extent_en.ftl"): Not found
2023-06-24 12:07:31,490 +0530 [main] DEBUG (_Log4jLoggerFactory.java:44) - TemplateLoader.findTemplateSource("Extent.ftl"): Found
2023-06-24 12:07:31,491 +0530 [main] DEBUG (_Log4jLoggerFactory.java:44) - Loading template for "Extent.ftl"("en_IN", UTF-8, parsed) from "jar:file:/C:/Users/Venkateshwaran/.m2/repository/com/relevantcodes/extentreports/2.41.2/extentreports-2.41.2.jar!/com/relevantcodes/extentreports/view/Extent.ftl"
2023-06-24 12:09:48,303 +0530 [main] INFO  (common_function.java:64) - Open Chromedriver
2023-06-24 12:09:51,777 +0530 [main] INFO  (common_function.java:95) - Open WebsiteHttp://www.amazon.in
2023-06-24 12:09:57,184 +0530 [main] INFO  (common_function.java:139) - click mobile category
2023-06-24 12:09:59,265 +0530 [main] INFO  (common_function.java:139) - click Accessories tab
2023-06-24 12:10:00,225 +0530 [main] INFO  (testbase.java:295) - Screenshot taken and added in destinationF:\SQA_demo\Nallas_demoproject\Output_Report\24062023\24062023121000.png
2023-06-24 12:10:00,227 +0530 [main] INFO  (common_function.java:144) - org.openqa.selenium.NoSuchElementException: no such element: Unable to locate element: {"method":"xpath","selector":"//span[contains(text(),'Add to Cart')][@id='submit.add-to-cart-announce']"}
  (Session info: chrome=114.0.5735.134)
For documentation on this error, please visit: https://www.seleniumhq.org/exceptions/no_such_element.html
Build info: version: '3.141.59', revision: 'e82be7d358', time: '2018-11-14T08:17:03'
System info: host: 'DESKTOP-FG7QG1S', ip: '192.168.101.3', os.name: 'Windows 10', os.arch: 'amd64', os.version: '10.0', java.version: '17.0.4.1'
Driver info: org.openqa.selenium.chrome.ChromeDriver
Capabilities {acceptInsecureCerts: false, browserName: chrome, browserVersion: 114.0.5735.134, chrome: {chromedriverVersion: 113.0.5672.63 (0e1a4471d5ae..., userDataDir: C:\Users\VENKAT~1\AppData\L...}, goog:chromeOptions: {debuggerAddress: localhost:64924}, javascriptEnabled: true, networkConnectionEnabled: false, pageLoadStrategy: normal, platform: WINDOWS, platformName: WINDOWS, proxy: Proxy(), setWindowRect: true, strictFileInteractability: false, timeouts: {implicit: 0, pageLoad: 300000, script: 30000}, unhandledPromptBehavior: dismiss and notify, webauthn:extension:credBlob: true, webauthn:extension:largeBlob: true, webauthn:extension:minPinLength: true, webauthn:extension:prf: true, webauthn:virtualAuthenticators: true}
Session ID: 1a7301ecea657d8a5d24363c7e1d02a7
*** Element info: {Using=xpath, value=//span[contains(text(),'Add to Cart')][@id='submit.add-to-cart-announce']}
2023-06-24 12:10:00,599 +0530 [main] INFO  (testbase.java:295) - Screenshot taken and added in destinationF:\SQA_demo\Nallas_demoproject\Output_Report\24062023\24062023121000.png
2023-06-24 12:10:00,600 +0530 [main] INFO  (common_function.java:164) - Verify cart countFailed
2023-06-24 12:10:01,850 +0530 [main] INFO  (common_function.java:64) - Open Chromedriver
2023-06-24 12:10:05,072 +0530 [main] INFO  (common_function.java:95) - Open WebsiteHttp://www.amazon.in
2023-06-24 12:10:11,111 +0530 [main] INFO  (common_function.java:139) - click mobile category
2023-06-24 12:10:13,954 +0530 [main] INFO  (common_function.java:139) - click Accessories tab
2023-06-24 12:10:19,147 +0530 [main] INFO  (testbase.java:295) - Screenshot taken and added in destinationF:\SQA_demo\Nallas_demoproject\Output_Report\24062023\24062023121019.png
2023-06-24 12:10:19,148 +0530 [main] INFO  (common_function.java:217) - Move control to new tab
2023-06-24 12:10:19,226 +0530 [main] INFO  (common_function.java:139) - Add product to cart
2023-06-24 12:10:19,577 +0530 [main] INFO  (testbase.java:295) - Screenshot taken and added in destinationF:\SQA_demo\Nallas_demoproject\Output_Report\24062023\24062023121019.png
2023-06-24 12:10:19,579 +0530 [main] INFO  (common_function.java:164) - Verify cart countFailed
2023-06-24 12:10:19,769 +0530 [main] DEBUG (_Log4jLoggerFactory.java:44) - Couldn't find template in cache for "Extent.ftl"("en_IN", UTF-8, parsed); will try to load it.
2023-06-24 12:10:19,771 +0530 [main] DEBUG (_Log4jLoggerFactory.java:44) - TemplateLoader.findTemplateSource("Extent_en_IN.ftl"): Not found
2023-06-24 12:10:19,773 +0530 [main] DEBUG (_Log4jLoggerFactory.java:44) - TemplateLoader.findTemplateSource("Extent_en.ftl"): Not found
2023-06-24 12:10:19,774 +0530 [main] DEBUG (_Log4jLoggerFactory.java:44) - TemplateLoader.findTemplateSource("Extent.ftl"): Found
2023-06-24 12:10:19,775 +0530 [main] DEBUG (_Log4jLoggerFactory.java:44) - Loading template for "Extent.ftl"("en_IN", UTF-8, parsed) from "jar:file:/C:/Users/Venkateshwaran/.m2/repository/com/relevantcodes/extentreports/2.41.2/extentreports-2.41.2.jar!/com/relevantcodes/extentreports/view/Extent.ftl"
2023-06-24 12:41:39,059 +0530 [main] INFO  (testbase.java:338) - Open Chromedriver
2023-06-24 12:41:40,280 +0530 [main] INFO  (testbase.java:338) - Open Chromedriver
2023-06-24 12:41:40,493 +0530 [main] DEBUG (_Log4jLoggerFactory.java:44) - Couldn't find template in cache for "Extent.ftl"("en_IN", UTF-8, parsed); will try to load it.
2023-06-24 12:41:40,496 +0530 [main] DEBUG (_Log4jLoggerFactory.java:44) - TemplateLoader.findTemplateSource("Extent_en_IN.ftl"): Not found
2023-06-24 12:41:40,499 +0530 [main] DEBUG (_Log4jLoggerFactory.java:44) - TemplateLoader.findTemplateSource("Extent_en.ftl"): Not found
2023-06-24 12:41:40,500 +0530 [main] DEBUG (_Log4jLoggerFactory.java:44) - TemplateLoader.findTemplateSource("Extent.ftl"): Found
2023-06-24 12:41:40,501 +0530 [main] DEBUG (_Log4jLoggerFactory.java:44) - Loading template for "Extent.ftl"("en_IN", UTF-8, parsed) from "jar:file:/C:/Users/Venkateshwaran/.m2/repository/com/relevantcodes/extentreports/2.41.2/extentreports-2.41.2.jar!/com/relevantcodes/extentreports/view/Extent.ftl"
2023-06-24 12:43:55,990 +0530 [main] INFO  (testbase.java:338) - Open Chromedriver
2023-06-24 12:43:57,249 +0530 [main] INFO  (testbase.java:338) - Open Chromedriver
2023-06-24 12:43:57,452 +0530 [main] DEBUG (_Log4jLoggerFactory.java:44) - Couldn't find template in cache for "Extent.ftl"("en_IN", UTF-8, parsed); will try to load it.
2023-06-24 12:43:57,453 +0530 [main] DEBUG (_Log4jLoggerFactory.java:44) - TemplateLoader.findTemplateSource("Extent_en_IN.ftl"): Not found
2023-06-24 12:43:57,455 +0530 [main] DEBUG (_Log4jLoggerFactory.java:44) - TemplateLoader.findTemplateSource("Extent_en.ftl"): Not found
2023-06-24 12:43:57,456 +0530 [main] DEBUG (_Log4jLoggerFactory.java:44) - TemplateLoader.findTemplateSource("Extent.ftl"): Found
2023-06-24 12:43:57,456 +0530 [main] DEBUG (_Log4jLoggerFactory.java:44) - Loading template for "Extent.ftl"("en_IN", UTF-8, parsed) from "jar:file:/C:/Users/Venkateshwaran/.m2/repository/com/relevantcodes/extentreports/2.41.2/extentreports-2.41.2.jar!/com/relevantcodes/extentreports/view/Extent.ftl"
2023-06-24 12:48:33,021 +0530 [main] INFO  (testbase.java:338) - Open Chromedriver
2023-06-24 12:48:33,849 +0530 [main] INFO  (testbase.java:338) - Open Chromedriver
2023-06-24 12:48:33,896 +0530 [main] DEBUG (_Log4jLoggerFactory.java:44) - Couldn't find template in cache for "Extent.ftl"("en_IN", UTF-8, parsed); will try to load it.
2023-06-24 12:48:33,898 +0530 [main] DEBUG (_Log4jLoggerFactory.java:44) - TemplateLoader.findTemplateSource("Extent_en_IN.ftl"): Not found
2023-06-24 12:48:33,899 +0530 [main] DEBUG (_Log4jLoggerFactory.java:44) - TemplateLoader.findTemplateSource("Extent_en.ftl"): Not found
2023-06-24 12:48:33,900 +0530 [main] DEBUG (_Log4jLoggerFactory.java:44) - TemplateLoader.findTemplateSource("Extent.ftl"): Found
2023-06-24 12:48:33,901 +0530 [main] DEBUG (_Log4jLoggerFactory.java:44) - Loading template for "Extent.ftl"("en_IN", UTF-8, parsed) from "jar:file:/C:/Users/Venkateshwaran/.m2/repository/com/relevantcodes/extentreports/2.41.2/extentreports-2.41.2.jar!/com/relevantcodes/extentreports/view/Extent.ftl"
2023-06-24 12:49:47,867 +0530 [main] INFO  (testbase.java:338) - Open Chromedriver
2023-06-24 12:49:48,703 +0530 [main] INFO  (testbase.java:338) - Open Chromedriver
2023-06-24 12:49:48,767 +0530 [main] DEBUG (_Log4jLoggerFactory.java:44) - Couldn't find template in cache for "Extent.ftl"("en_IN", UTF-8, parsed); will try to load it.
2023-06-24 12:49:48,769 +0530 [main] DEBUG (_Log4jLoggerFactory.java:44) - TemplateLoader.findTemplateSource("Extent_en_IN.ftl"): Not found
2023-06-24 12:49:48,772 +0530 [main] DEBUG (_Log4jLoggerFactory.java:44) - TemplateLoader.findTemplateSource("Extent_en.ftl"): Not found
2023-06-24 12:49:48,776 +0530 [main] DEBUG (_Log4jLoggerFactory.java:44) - TemplateLoader.findTemplateSource("Extent.ftl"): Found
2023-06-24 12:49:48,777 +0530 [main] DEBUG (_Log4jLoggerFactory.java:44) - Loading template for "Extent.ftl"("en_IN", UTF-8, parsed) from "jar:file:/C:/Users/Venkateshwaran/.m2/repository/com/relevantcodes/extentreports/2.41.2/extentreports-2.41.2.jar!/com/relevantcodes/extentreports/view/Extent.ftl"
2023-06-24 12:50:52,389 +0530 [main] INFO  (testbase.java:338) - Open Chromedriver
2023-06-24 12:53:36,519 +0530 [main] INFO  (testbase.java:338) - Open Chromedriver
2023-06-24 12:53:38,589 +0530 [main] INFO  (common_function.java:55) - Open WebsiteHttp://www.amazon.in
2023-06-24 12:53:45,232 +0530 [main] INFO  (common_function.java:97) - click mobile category
2023-06-24 12:53:47,069 +0530 [main] INFO  (common_function.java:97) - click Accessories tab
2023-06-24 12:53:47,783 +0530 [main] INFO  (testbase.java:295) - Screenshot taken and added in destinationF:\SQA_demo\Nallas_demoproject\Output_Report\24062023\24062023125347.png
2023-06-24 12:53:47,790 +0530 [main] INFO  (common_function.java:102) - org.openqa.selenium.NoSuchElementException: no such element: Unable to locate element: {"method":"xpath","selector":"//span[contains(text(),'Add to Cart')][@id='submit.add-to-cart-announce']"}
  (Session info: chrome=114.0.5735.134)
For documentation on this error, please visit: https://www.seleniumhq.org/exceptions/no_such_element.html
Build info: version: '3.141.59', revision: 'e82be7d358', time: '2018-11-14T08:17:03'
System info: host: 'DESKTOP-FG7QG1S', ip: '192.168.101.3', os.name: 'Windows 10', os.arch: 'amd64', os.version: '10.0', java.version: '17.0.4.1'
Driver info: org.openqa.selenium.chrome.ChromeDriver
Capabilities {acceptInsecureCerts: false, browserName: chrome, browserVersion: 114.0.5735.134, chrome: {chromedriverVersion: 113.0.5672.63 (0e1a4471d5ae..., userDataDir: C:\Users\VENKAT~1\AppData\L...}, goog:chromeOptions: {debuggerAddress: localhost:49883}, javascriptEnabled: true, networkConnectionEnabled: false, pageLoadStrategy: normal, platform: WINDOWS, platformName: WINDOWS, proxy: Proxy(), setWindowRect: true, strictFileInteractability: false, timeouts: {implicit: 0, pageLoad: 300000, script: 30000}, unhandledPromptBehavior: dismiss and notify, webauthn:extension:credBlob: true, webauthn:extension:largeBlob: true, webauthn:extension:minPinLength: true, webauthn:extension:prf: true, webauthn:virtualAuthenticators: true}
Session ID: a9051e18a6293ab62aabca2af54e5574
*** Element info: {Using=xpath, value=//span[contains(text(),'Add to Cart')][@id='submit.add-to-cart-announce']}
2023-06-24 12:53:48,107 +0530 [main] INFO  (testbase.java:295) - Screenshot taken and added in destinationF:\SQA_demo\Nallas_demoproject\Output_Report\24062023\24062023125348.png
2023-06-24 12:53:48,108 +0530 [main] INFO  (common_function.java:122) - Verify cart countFailed
2023-06-24 12:53:48,922 +0530 [main] INFO  (testbase.java:338) - Open Chromedriver
2023-06-24 12:53:51,099 +0530 [main] INFO  (common_function.java:55) - Open WebsiteHttp://www.amazon.in
2023-06-24 12:53:56,239 +0530 [main] INFO  (common_function.java:97) - click mobile category
2023-06-24 12:53:58,104 +0530 [main] INFO  (common_function.java:97) - click Accessories tab
2023-06-24 12:54:02,858 +0530 [main] INFO  (testbase.java:295) - Screenshot taken and added in destinationF:\SQA_demo\Nallas_demoproject\Output_Report\24062023\24062023125402.png
2023-06-24 12:54:02,859 +0530 [main] INFO  (common_function.java:175) - Move control to new tab
2023-06-24 12:54:02,920 +0530 [main] INFO  (common_function.java:97) - Add product to cart
2023-06-24 12:54:03,179 +0530 [main] INFO  (testbase.java:295) - Screenshot taken and added in destinationF:\SQA_demo\Nallas_demoproject\Output_Report\24062023\24062023125403.png
2023-06-24 12:54:03,181 +0530 [main] INFO  (common_function.java:122) - Verify cart countFailed
2023-06-24 12:54:03,213 +0530 [main] DEBUG (_Log4jLoggerFactory.java:44) - Couldn't find template in cache for "Extent.ftl"("en_IN", UTF-8, parsed); will try to load it.
2023-06-24 12:54:03,215 +0530 [main] DEBUG (_Log4jLoggerFactory.java:44) - TemplateLoader.findTemplateSource("Extent_en_IN.ftl"): Not found
2023-06-24 12:54:03,217 +0530 [main] DEBUG (_Log4jLoggerFactory.java:44) - TemplateLoader.findTemplateSource("Extent_en.ftl"): Not found
2023-06-24 12:54:03,219 +0530 [main] DEBUG (_Log4jLoggerFactory.java:44) - TemplateLoader.findTemplateSource("Extent.ftl"): Found
2023-06-24 12:54:03,219 +0530 [main] DEBUG (_Log4jLoggerFactory.java:44) - Loading template for "Extent.ftl"("en_IN", UTF-8, parsed) from "jar:file:/C:/Users/Venkateshwaran/.m2/repository/com/relevantcodes/extentreports/2.41.2/extentreports-2.41.2.jar!/com/relevantcodes/extentreports/view/Extent.ftl"
2023-06-24 12:56:09,563 +0530 [main] INFO  (testbase.java:338) - Open Chromedriver
2023-06-24 12:56:12,874 +0530 [main] INFO  (common_function.java:55) - Open WebsiteHttp://www.amazon.in
2023-06-24 12:56:18,655 +0530 [main] INFO  (common_function.java:97) - click mobile category
2023-06-24 12:56:20,907 +0530 [main] INFO  (common_function.java:97) - click Accessories tab
2023-06-24 12:56:25,895 +0530 [main] INFO  (testbase.java:295) - Screenshot taken and added in destinationF:\SQA_demo\Nallas_demoproject\Output_Report\24062023\24062023125625.png
2023-06-24 12:56:25,903 +0530 [main] INFO  (common_function.java:175) - Move control to new tab
2023-06-24 12:56:26,046 +0530 [main] INFO  (common_function.java:97) - Add product to cart
2023-06-24 12:56:26,374 +0530 [main] INFO  (testbase.java:295) - Screenshot taken and added in destinationF:\SQA_demo\Nallas_demoproject\Output_Report\24062023\24062023125626.png
2023-06-24 12:56:26,374 +0530 [main] INFO  (common_function.java:122) - Verify cart countFailed
2023-06-24 12:56:27,815 +0530 [main] INFO  (testbase.java:338) - Open Chromedriver
2023-06-24 12:56:31,488 +0530 [main] INFO  (common_function.java:55) - Open WebsiteHttp://www.amazon.in
2023-06-24 12:56:37,201 +0530 [main] INFO  (common_function.java:97) - click mobile category
2023-06-24 12:56:39,026 +0530 [main] INFO  (common_function.java:97) - click Accessories tab
2023-06-24 12:56:44,541 +0530 [main] INFO  (testbase.java:295) - Screenshot taken and added in destinationF:\SQA_demo\Nallas_demoproject\Output_Report\24062023\24062023125644.png
2023-06-24 12:56:44,542 +0530 [main] INFO  (common_function.java:175) - Move control to new tab
2023-06-24 12:56:44,602 +0530 [main] INFO  (common_function.java:97) - Add product to cart
2023-06-24 12:56:44,977 +0530 [main] INFO  (testbase.java:295) - Screenshot taken and added in destinationF:\SQA_demo\Nallas_demoproject\Output_Report\24062023\24062023125644.png
2023-06-24 12:56:44,978 +0530 [main] INFO  (common_function.java:122) - Verify cart countFailed
2023-06-24 12:56:45,155 +0530 [main] DEBUG (_Log4jLoggerFactory.java:44) - Couldn't find template in cache for "Extent.ftl"("en_IN", UTF-8, parsed); will try to load it.
2023-06-24 12:56:45,161 +0530 [main] DEBUG (_Log4jLoggerFactory.java:44) - TemplateLoader.findTemplateSource("Extent_en_IN.ftl"): Not found
2023-06-24 12:56:45,166 +0530 [main] DEBUG (_Log4jLoggerFactory.java:44) - TemplateLoader.findTemplateSource("Extent_en.ftl"): Not found
2023-06-24 12:56:45,169 +0530 [main] DEBUG (_Log4jLoggerFactory.java:44) - TemplateLoader.findTemplateSource("Extent.ftl"): Found
2023-06-24 12:56:45,170 +0530 [main] DEBUG (_Log4jLoggerFactory.java:44) - Loading template for "Extent.ftl"("en_IN", UTF-8, parsed) from "jar:file:/C:/Users/Venkateshwaran/.m2/repository/com/relevantcodes/extentreports/2.41.2/extentreports-2.41.2.jar!/com/relevantcodes/extentreports/view/Extent.ftl"
2023-06-24 15:48:19,613 +0530 [main] INFO  (testbase.java:339) - Open Chromedriver
2023-06-24 15:48:59,868 +0530 [main] INFO  (common_function.java:55) - Open WebsiteHttp://www.amazon.in
2023-06-24 15:49:10,843 +0530 [main] INFO  (testbase.java:296) - Screenshot taken and added in destinationF:\SQA_demo\Nallas_demoproject\Output_Report\24062023\24062023154910.png
2023-06-24 15:49:12,943 +0530 [main] INFO  (common_function.java:114) - click mobile category
2023-06-24 15:49:18,251 +0530 [main] INFO  (testbase.java:296) - Screenshot taken and added in destinationF:\SQA_demo\Nallas_demoproject\Output_Report\24062023\24062023154918.png
2023-06-24 15:49:20,322 +0530 [main] INFO  (common_function.java:114) - click Accessories tab
2023-06-24 15:49:27,520 +0530 [main] INFO  (testbase.java:296) - Screenshot taken and added in destinationF:\SQA_demo\Nallas_demoproject\Output_Report\24062023\24062023154927.png
2023-06-24 15:49:35,885 +0530 [main] INFO  (testbase.java:296) - Screenshot taken and added in destinationF:\SQA_demo\Nallas_demoproject\Output_Report\24062023\24062023154935.png
2023-06-24 15:49:44,031 +0530 [main] INFO  (testbase.java:296) - Screenshot taken and added in destinationF:\SQA_demo\Nallas_demoproject\Output_Report\24062023\24062023154944.png
2023-06-24 15:49:52,157 +0530 [main] INFO  (testbase.java:296) - Screenshot taken and added in destinationF:\SQA_demo\Nallas_demoproject\Output_Report\24062023\24062023154952.png
2023-06-24 15:49:52,160 +0530 [main] INFO  (common_function.java:119) - org.openqa.selenium.NoSuchElementException: no such element: Unable to locate element: {"method":"xpath","selector":"//span[contains(text(),'Add to Cart')][@id='submit.add-to-cart-announce']"}
  (Session info: chrome=114.0.5735.134)
For documentation on this error, please visit: https://www.seleniumhq.org/exceptions/no_such_element.html
Build info: version: '3.141.59', revision: 'e82be7d358', time: '2018-11-14T08:17:03'
System info: host: 'DESKTOP-FG7QG1S', ip: '192.168.101.3', os.name: 'Windows 10', os.arch: 'amd64', os.version: '10.0', java.version: '17.0.4.1'
Driver info: org.openqa.selenium.chrome.ChromeDriver
Capabilities {acceptInsecureCerts: false, browserName: chrome, browserVersion: 114.0.5735.134, chrome: {chromedriverVersion: 113.0.5672.63 (0e1a4471d5ae..., userDataDir: C:\Users\VENKAT~1\AppData\L...}, goog:chromeOptions: {debuggerAddress: localhost:51932}, javascriptEnabled: true, networkConnectionEnabled: false, pageLoadStrategy: normal, platform: WINDOWS, platformName: WINDOWS, proxy: Proxy(), setWindowRect: true, strictFileInteractability: false, timeouts: {implicit: 0, pageLoad: 300000, script: 30000}, unhandledPromptBehavior: dismiss and notify, webauthn:extension:credBlob: true, webauthn:extension:largeBlob: true, webauthn:extension:minPinLength: true, webauthn:extension:prf: true, webauthn:virtualAuthenticators: true}
Session ID: a631c3ca3368dfec71ba91faa1b1a96b
*** Element info: {Using=xpath, value=//span[contains(text(),'Add to Cart')][@id='submit.add-to-cart-announce']}
2023-06-24 15:50:00,218 +0530 [main] INFO  (testbase.java:296) - Screenshot taken and added in destinationF:\SQA_demo\Nallas_demoproject\Output_Report\24062023\24062023155000.png
2023-06-24 15:50:08,363 +0530 [main] INFO  (testbase.java:296) - Screenshot taken and added in destinationF:\SQA_demo\Nallas_demoproject\Output_Report\24062023\24062023155008.png
2023-06-24 15:50:08,365 +0530 [main] INFO  (common_function.java:144) - Verify cart countFailed
2023-06-26 12:40:33,700 +0530 [main] INFO  (testbase.java:339) - Open Chromedriver
2023-06-26 12:40:35,707 +0530 [main] INFO  (common_function.java:55) - Open WebsiteHttp://www.amazon.in
2023-06-26 12:40:39,065 +0530 [main] INFO  (testbase.java:296) - Screenshot taken and added in destinationF:\SQA_demo\Nallas_demoproject\Output_Report\26062023\26062023124039.png
2023-06-26 12:40:43,417 +0530 [main] INFO  (common_function.java:114) - click mobile category
2023-06-26 12:40:43,626 +0530 [main] INFO  (testbase.java:296) - Screenshot taken and added in destinationF:\SQA_demo\Nallas_demoproject\Output_Report\26062023\26062023124043.png
2023-06-26 12:40:48,418 +0530 [main] INFO  (common_function.java:114) - click Accessories tab
2023-06-26 12:40:48,692 +0530 [main] INFO  (testbase.java:296) - Screenshot taken and added in destinationF:\SQA_demo\Nallas_demoproject\Output_Report\26062023\26062023124048.png
2023-06-26 12:40:49,212 +0530 [main] INFO  (testbase.java:296) - Screenshot taken and added in destinationF:\SQA_demo\Nallas_demoproject\Output_Report\26062023\26062023124049.png
2023-06-26 12:40:53,628 +0530 [main] INFO  (testbase.java:296) - Screenshot taken and added in destinationF:\SQA_demo\Nallas_demoproject\Output_Report\26062023\26062023124053.png
2023-06-26 12:40:53,629 +0530 [main] INFO  (common_function.java:207) - Move control to new tab
2023-06-26 12:40:53,861 +0530 [main] INFO  (testbase.java:296) - Screenshot taken and added in destinationF:\SQA_demo\Nallas_demoproject\Output_Report\26062023\26062023124053.png
2023-06-26 12:40:53,911 +0530 [main] INFO  (common_function.java:114) - Add product to cart
2023-06-26 12:40:54,149 +0530 [main] INFO  (testbase.java:296) - Screenshot taken and added in destinationF:\SQA_demo\Nallas_demoproject\Output_Report\26062023\26062023124054.png
2023-06-26 12:40:54,476 +0530 [main] INFO  (testbase.java:296) - Screenshot taken and added in destinationF:\SQA_demo\Nallas_demoproject\Output_Report\26062023\26062023124054.png
2023-06-26 12:40:54,476 +0530 [main] INFO  (common_function.java:144) - Verify cart countFailed
2023-06-26 12:40:55,196 +0530 [main] INFO  (testbase.java:339) - Open Chromedriver
2023-06-26 12:41:05,176 +0530 [main] INFO  (common_function.java:55) - Open WebsiteHttp://www.amazon.in
2023-06-26 12:41:08,417 +0530 [main] INFO  (testbase.java:296) - Screenshot taken and added in destinationF:\SQA_demo\Nallas_demoproject\Output_Report\26062023\26062023124108.png
2023-06-26 12:41:28,791 +0530 [main] INFO  (common_function.java:114) - click mobile category
2023-06-26 12:41:29,010 +0530 [main] INFO  (testbase.java:296) - Screenshot taken and added in destinationF:\SQA_demo\Nallas_demoproject\Output_Report\26062023\26062023124129.png
2023-06-26 12:41:33,494 +0530 [main] INFO  (common_function.java:114) - click Accessories tab
2023-06-26 12:41:33,762 +0530 [main] INFO  (testbase.java:296) - Screenshot taken and added in destinationF:\SQA_demo\Nallas_demoproject\Output_Report\26062023\26062023124133.png
2023-06-26 12:41:34,390 +0530 [main] INFO  (testbase.java:296) - Screenshot taken and added in destinationF:\SQA_demo\Nallas_demoproject\Output_Report\26062023\26062023124134.png
2023-06-26 12:41:37,640 +0530 [main] INFO  (testbase.java:296) - Screenshot taken and added in destinationF:\SQA_demo\Nallas_demoproject\Output_Report\26062023\26062023124137.png
2023-06-26 12:41:37,641 +0530 [main] INFO  (common_function.java:207) - Move control to new tab
2023-06-26 12:41:37,889 +0530 [main] INFO  (testbase.java:296) - Screenshot taken and added in destinationF:\SQA_demo\Nallas_demoproject\Output_Report\26062023\26062023124137.png
2023-06-26 12:41:37,954 +0530 [main] INFO  (common_function.java:114) - Add product to cart
2023-06-26 12:41:38,170 +0530 [main] INFO  (testbase.java:296) - Screenshot taken and added in destinationF:\SQA_demo\Nallas_demoproject\Output_Report\26062023\26062023124138.png
2023-06-26 12:41:38,421 +0530 [main] INFO  (testbase.java:296) - Screenshot taken and added in destinationF:\SQA_demo\Nallas_demoproject\Output_Report\26062023\26062023124138.png
2023-06-26 12:41:38,421 +0530 [main] INFO  (common_function.java:144) - Verify cart countFailed
2023-06-26 12:41:38,527 +0530 [main] DEBUG (_Log4jLoggerFactory.java:44) - Couldn't find template in cache for "Extent.ftl"("en_IN", UTF-8, parsed); will try to load it.
2023-06-26 12:41:38,529 +0530 [main] DEBUG (_Log4jLoggerFactory.java:44) - TemplateLoader.findTemplateSource("Extent_en_IN.ftl"): Not found
2023-06-26 12:41:38,530 +0530 [main] DEBUG (_Log4jLoggerFactory.java:44) - TemplateLoader.findTemplateSource("Extent_en.ftl"): Not found
2023-06-26 12:41:38,531 +0530 [main] DEBUG (_Log4jLoggerFactory.java:44) - TemplateLoader.findTemplateSource("Extent.ftl"): Found
2023-06-26 12:41:38,532 +0530 [main] DEBUG (_Log4jLoggerFactory.java:44) - Loading template for "Extent.ftl"("en_IN", UTF-8, parsed) from "jar:file:/C:/Users/Venkateshwaran/.m2/repository/com/relevantcodes/extentreports/2.41.2/extentreports-2.41.2.jar!/com/relevantcodes/extentreports/view/Extent.ftl"
2023-06-26 14:16:50,563 +0530 [main] INFO  (testbase.java:339) - Open Chromedriver
2023-06-26 14:16:52,700 +0530 [main] INFO  (common_function.java:55) - Open WebsiteHttp://www.amazon.in
2023-06-26 14:16:56,030 +0530 [main] INFO  (testbase.java:296) - Screenshot taken and added in destinationF:\SQA_demo\Nallas_demoproject\Output_Report\26062023\26062023141656.png
2023-06-26 14:16:58,963 +0530 [main] INFO  (common_function.java:114) - click mobile category
2023-06-26 14:16:59,188 +0530 [main] INFO  (testbase.java:296) - Screenshot taken and added in destinationF:\SQA_demo\Nallas_demoproject\Output_Report\26062023\26062023141659.png
2023-06-26 14:17:01,093 +0530 [main] INFO  (common_function.java:114) - click Accessories tab
2023-06-26 14:17:01,371 +0530 [main] INFO  (testbase.java:296) - Screenshot taken and added in destinationF:\SQA_demo\Nallas_demoproject\Output_Report\26062023\26062023141701.png
2023-06-26 14:17:01,818 +0530 [main] INFO  (testbase.java:296) - Screenshot taken and added in destinationF:\SQA_demo\Nallas_demoproject\Output_Report\26062023\26062023141701.png
2023-06-26 14:17:02,080 +0530 [main] INFO  (testbase.java:296) - Screenshot taken and added in destinationF:\SQA_demo\Nallas_demoproject\Output_Report\26062023\26062023141702.png
2023-06-26 14:17:02,367 +0530 [main] INFO  (testbase.java:296) - Screenshot taken and added in destinationF:\SQA_demo\Nallas_demoproject\Output_Report\26062023\26062023141702.png
2023-06-26 14:17:02,367 +0530 [main] INFO  (common_function.java:119) - org.openqa.selenium.NoSuchElementException: no such element: Unable to locate element: {"method":"xpath","selector":"//span[contains(text(),'Add to Cart')][@id='submit.add-to-cart-announce']"}
  (Session info: chrome=114.0.5735.134)
For documentation on this error, please visit: https://www.seleniumhq.org/exceptions/no_such_element.html
Build info: version: '3.141.59', revision: 'e82be7d358', time: '2018-11-14T08:17:03'
System info: host: 'DESKTOP-FG7QG1S', ip: '192.168.101.9', os.name: 'Windows 10', os.arch: 'amd64', os.version: '10.0', java.version: '17.0.4.1'
Driver info: org.openqa.selenium.chrome.ChromeDriver
Capabilities {acceptInsecureCerts: false, browserName: chrome, browserVersion: 114.0.5735.134, chrome: {chromedriverVersion: 113.0.5672.63 (0e1a4471d5ae..., userDataDir: C:\Users\VENKAT~1\AppData\L...}, goog:chromeOptions: {debuggerAddress: localhost:51377}, javascriptEnabled: true, networkConnectionEnabled: false, pageLoadStrategy: normal, platform: WINDOWS, platformName: WINDOWS, proxy: Proxy(), setWindowRect: true, strictFileInteractability: false, timeouts: {implicit: 0, pageLoad: 300000, script: 30000}, unhandledPromptBehavior: dismiss and notify, webauthn:extension:credBlob: true, webauthn:extension:largeBlob: true, webauthn:extension:minPinLength: true, webauthn:extension:prf: true, webauthn:virtualAuthenticators: true}
Session ID: 448b2dfccf4f3c672384719bfa040068
*** Element info: {Using=xpath, value=//span[contains(text(),'Add to Cart')][@id='submit.add-to-cart-announce']}
2023-06-26 14:17:02,622 +0530 [main] INFO  (testbase.java:296) - Screenshot taken and added in destinationF:\SQA_demo\Nallas_demoproject\Output_Report\26062023\26062023141702.png
2023-06-26 14:17:02,916 +0530 [main] INFO  (testbase.java:296) - Screenshot taken and added in destinationF:\SQA_demo\Nallas_demoproject\Output_Report\26062023\26062023141702.png
2023-06-26 14:17:02,916 +0530 [main] INFO  (common_function.java:144) - Verify cart countFailed
2023-06-26 14:17:05,429 +0530 [main] INFO  (testbase.java:355) - Open Firefox
2023-06-26 14:17:07,758 +0530 [main] INFO  (common_function.java:55) - Open WebsiteHttp://www.amazon.in
2023-06-26 14:17:11,169 +0530 [main] INFO  (testbase.java:296) - Screenshot taken and added in destinationF:\SQA_demo\Nallas_demoproject\Output_Report\26062023\26062023141711.png
2023-06-26 14:17:11,261 +0530 [main] INFO  (common_function.java:114) - click mobile category
2023-06-26 14:17:11,652 +0530 [main] INFO  (testbase.java:296) - Screenshot taken and added in destinationF:\SQA_demo\Nallas_demoproject\Output_Report\26062023\26062023141711.png
2023-06-26 14:17:12,065 +0530 [main] INFO  (testbase.java:296) - Screenshot taken and added in destinationF:\SQA_demo\Nallas_demoproject\Output_Report\26062023\26062023141712.png
2023-06-26 14:17:12,065 +0530 [main] INFO  (common_function.java:119) - org.openqa.selenium.NoSuchElementException: Unable to locate element: //a[contains(text(),'Accessories')][@role='tab']
For documentation on this error, please visit: https://www.seleniumhq.org/exceptions/no_such_element.html
Build info: version: '3.141.59', revision: 'e82be7d358', time: '2018-11-14T08:17:03'
System info: host: 'DESKTOP-FG7QG1S', ip: '192.168.101.9', os.name: 'Windows 10', os.arch: 'amd64', os.version: '10.0', java.version: '17.0.4.1'
Driver info: org.openqa.selenium.firefox.FirefoxDriver
Capabilities {acceptInsecureCerts: true, browserName: firefox, browserVersion: 114.0.2, javascriptEnabled: true, moz:accessibilityChecks: false, moz:buildID: 20230619081400, moz:geckodriverVersion: 0.33.0, moz:headless: false, moz:platformVersion: 10.0, moz:processID: 15796, moz:profile: C:\Users\VENKAT~1\AppData\L..., moz:shutdownTimeout: 60000, moz:useNonSpecCompliantPointerOrigin: false, moz:webdriverClick: true, moz:windowless: false, pageLoadStrategy: normal, platform: WINDOWS, platformName: WINDOWS, proxy: Proxy(), setWindowRect: true, strictFileInteractability: false, timeouts: {implicit: 0, pageLoad: 300000, script: 30000}, unhandledPromptBehavior: dismiss and notify}
Session ID: 4463c2b8-7ab9-4d26-b648-e438080d2643
*** Element info: {Using=xpath, value=//a[contains(text(),'Accessories')][@role='tab']}
2023-06-26 14:17:12,105 +0530 [main] INFO  (testbase.java:296) - Screenshot taken and added in destinationF:\SQA_demo\Nallas_demoproject\Output_Report\26062023\26062023141712.png
2023-06-26 14:17:12,166 +0530 [main] INFO  (testbase.java:296) - Screenshot taken and added in destinationF:\SQA_demo\Nallas_demoproject\Output_Report\26062023\26062023141712.png
2023-06-26 14:17:12,264 +0530 [main] INFO  (testbase.java:296) - Screenshot taken and added in destinationF:\SQA_demo\Nallas_demoproject\Output_Report\26062023\26062023141712.png
2023-06-26 14:17:12,372 +0530 [main] INFO  (testbase.java:296) - Screenshot taken and added in destinationF:\SQA_demo\Nallas_demoproject\Output_Report\26062023\26062023141712.png
2023-06-26 14:17:12,373 +0530 [main] INFO  (common_function.java:119) - org.openqa.selenium.NoSuchElementException: Unable to locate element: //span[contains(text(),'Add to Cart')][@id='submit.add-to-cart-announce']
For documentation on this error, please visit: https://www.seleniumhq.org/exceptions/no_such_element.html
Build info: version: '3.141.59', revision: 'e82be7d358', time: '2018-11-14T08:17:03'
System info: host: 'DESKTOP-FG7QG1S', ip: '192.168.101.9', os.name: 'Windows 10', os.arch: 'amd64', os.version: '10.0', java.version: '17.0.4.1'
Driver info: org.openqa.selenium.firefox.FirefoxDriver
Capabilities {acceptInsecureCerts: true, browserName: firefox, browserVersion: 114.0.2, javascriptEnabled: true, moz:accessibilityChecks: false, moz:buildID: 20230619081400, moz:geckodriverVersion: 0.33.0, moz:headless: false, moz:platformVersion: 10.0, moz:processID: 15796, moz:profile: C:\Users\VENKAT~1\AppData\L..., moz:shutdownTimeout: 60000, moz:useNonSpecCompliantPointerOrigin: false, moz:webdriverClick: true, moz:windowless: false, pageLoadStrategy: normal, platform: WINDOWS, platformName: WINDOWS, proxy: Proxy(), setWindowRect: true, strictFileInteractability: false, timeouts: {implicit: 0, pageLoad: 300000, script: 30000}, unhandledPromptBehavior: dismiss and notify}
Session ID: 4463c2b8-7ab9-4d26-b648-e438080d2643
*** Element info: {Using=xpath, value=//span[contains(text(),'Add to Cart')][@id='submit.add-to-cart-announce']}
2023-06-26 14:17:12,647 +0530 [main] INFO  (testbase.java:296) - Screenshot taken and added in destinationF:\SQA_demo\Nallas_demoproject\Output_Report\26062023\26062023141712.png
2023-06-26 14:17:13,058 +0530 [main] INFO  (testbase.java:296) - Screenshot taken and added in destinationF:\SQA_demo\Nallas_demoproject\Output_Report\26062023\26062023141713.png
2023-06-26 14:17:13,059 +0530 [main] INFO  (common_function.java:144) - Verify cart countFailed
2023-06-26 14:17:13,221 +0530 [main] DEBUG (_Log4jLoggerFactory.java:44) - Couldn't find template in cache for "Extent.ftl"("en_IN", UTF-8, parsed); will try to load it.
2023-06-26 14:17:13,222 +0530 [main] DEBUG (_Log4jLoggerFactory.java:44) - TemplateLoader.findTemplateSource("Extent_en_IN.ftl"): Not found
2023-06-26 14:17:13,223 +0530 [main] DEBUG (_Log4jLoggerFactory.java:44) - TemplateLoader.findTemplateSource("Extent_en.ftl"): Not found
2023-06-26 14:17:13,224 +0530 [main] DEBUG (_Log4jLoggerFactory.java:44) - TemplateLoader.findTemplateSource("Extent.ftl"): Found
2023-06-26 14:17:13,225 +0530 [main] DEBUG (_Log4jLoggerFactory.java:44) - Loading template for "Extent.ftl"("en_IN", UTF-8, parsed) from "jar:file:/C:/Users/Venkateshwaran/.m2/repository/com/relevantcodes/extentreports/2.41.2/extentreports-2.41.2.jar!/com/relevantcodes/extentreports/view/Extent.ftl"
